-------------------------------start----------------------------
Sun May  3 04:00:11 CDT 2020 kile-deb2 Archive to BackBlaze B2
----------------------------------------------------------------
Moving files from /mnt/unraid/YouTube/Archive to b2:kile-nas1-archive/ubld-archive at Sun May  3 04:00:11 CDT 2020
Completed archive of /mnt/unraid/YouTube/Archive at Sun May  3 04:00:13 CDT 2020 with error 0
find: ‘/mnt/unraid/YouTube/Archive/*’: No such file or directory
----------------------------------------------------------------
Moving files from /mnt/unraid/YouTube/Rejected to b2:kile-nas1-archive/ubld-rejects at Sun May  3 04:00:13 CDT 2020
Completed archive of /mnt/unraid/YouTube/Rejected at Sun May  3 04:00:14 CDT 2020 with error 0
find: ‘/mnt/unraid/YouTube/Rejected/*’: No such file or directory
-------------------------------done-----------------------------
-------------------------------start----------------------------
Sun May 10 04:00:02 CDT 2020 kile-deb2 Archive to BackBlaze B2
----------------------------------------------------------------
Moving files from /mnt/unraid/YouTube/Archive to b2:kile-nas1-archive/ubld-archive at Sun May 10 04:00:02 CDT 2020
Completed archive of /mnt/unraid/YouTube/Archive at Sun May 10 04:00:05 CDT 2020 with error 0
find: ‘/mnt/unraid/YouTube/Archive/*’: No such file or directory
----------------------------------------------------------------
Moving files from /mnt/unraid/YouTube/Rejected to b2:kile-nas1-archive/ubld-rejects at Sun May 10 04:00:05 CDT 2020
Completed archive of /mnt/unraid/YouTube/Rejected at Sun May 10 04:00:06 CDT 2020 with error 0
find: ‘/mnt/unraid/YouTube/Rejected/*’: No such file or directory
-------------------------------done-----------------------------
-------------------------------start----------------------------
Fri May 15 04:00:01 CDT 2020 kile-deb2 Archive to BackBlaze B2
----------------------------------------------------------------
Moving files from /mnt/unraid/YouTube/Archive to b2:kile-nas1-archive/ubld-archive at Fri May 15 04:00:01 CDT 2020
Completed archive of /mnt/unraid/YouTube/Archive at Fri May 15 04:00:03 CDT 2020 with error 0
find: ‘/mnt/unraid/YouTube/Archive/*’: No such file or directory
----------------------------------------------------------------
Moving files from /mnt/unraid/YouTube/Rejected to b2:kile-nas1-archive/ubld-rejects at Fri May 15 04:00:03 CDT 2020
Completed archive of /mnt/unraid/YouTube/Rejected at Fri May 15 04:00:06 CDT 2020 with error 0
find: ‘/mnt/unraid/YouTube/Rejected/*’: No such file or directory
-------------------------------done-----------------------------
-------------------------------start----------------------------
Sat May 16 04:00:01 CDT 2020 kile-deb2 Archive to BackBlaze B2
----------------------------------------------------------------
Moving files from /mnt/unraid/YouTube/Archive to b2:kile-nas1-archive/ubld-archive at Sat May 16 04:00:02 CDT 2020
Completed archive of /mnt/unraid/YouTube/Archive at Sat May 16 04:00:04 CDT 2020 with error 0
find: ‘/mnt/unraid/YouTube/Archive/*’: No such file or directory
----------------------------------------------------------------
Moving files from /mnt/unraid/YouTube/Rejected to b2:kile-nas1-archive/ubld-rejects at Sat May 16 04:00:04 CDT 2020
Completed archive of /mnt/unraid/YouTube/Rejected at Sat May 16 04:00:06 CDT 2020 with error 0
find: ‘/mnt/unraid/YouTube/Rejected/*’: No such file or directory
-------------------------------done-----------------------------
-------------------------------start----------------------------
Sun May 17 04:00:01 CDT 2020 kile-deb2 Archive to BackBlaze B2
----------------------------------------------------------------
Moving files from /mnt/unraid/YouTube/Archive to b2:kile-nas1-archive/ubld-archive at Sun May 17 04:00:01 CDT 2020
Completed archive of /mnt/unraid/YouTube/Archive at Sun May 17 04:00:04 CDT 2020 with error 0
find: ‘/mnt/unraid/YouTube/Archive/*’: No such file or directory
----------------------------------------------------------------
Moving files from /mnt/unraid/YouTube/Rejected to b2:kile-nas1-archive/ubld-rejects at Sun May 17 04:00:04 CDT 2020
Completed archive of /mnt/unraid/YouTube/Rejected at Sun May 17 04:00:06 CDT 2020 with error 0
find: ‘/mnt/unraid/YouTube/Rejected/*’: No such file or directory
-------------------------------done-----------------------------
-------------------------------start----------------------------
Mon May 18 04:00:02 CDT 2020 kile-deb2 Archive to BackBlaze B2
----------------------------------------------------------------
Moving files from /mnt/unraid/YouTube/Archive to b2:kile-nas1-archive/ubld-archive at Mon May 18 04:00:02 CDT 2020
Completed archive of /mnt/unraid/YouTube/Archive at Mon May 18 04:00:04 CDT 2020 with error 0
find: ‘/mnt/unraid/YouTube/Archive/*’: No such file or directory
----------------------------------------------------------------
Moving files from /mnt/unraid/YouTube/Rejected to b2:kile-nas1-archive/ubld-rejects at Mon May 18 04:00:04 CDT 2020
Completed archive of /mnt/unraid/YouTube/Rejected at Mon May 18 04:00:07 CDT 2020 with error 0
find: ‘/mnt/unraid/YouTube/Rejected/*’: No such file or directory
-------------------------------done-----------------------------
-------------------------------start----------------------------
Tue May 19 04:00:01 CDT 2020 kile-deb2 Archive to BackBlaze B2
----------------------------------------------------------------
Moving files from /mnt/unraid/YouTube/Archive to b2:kile-nas1-archive/ubld-archive at Tue May 19 04:00:02 CDT 2020
Completed archive of /mnt/unraid/YouTube/Archive at Tue May 19 04:00:04 CDT 2020 with error 0
find: ‘/mnt/unraid/YouTube/Archive/*’: No such file or directory
----------------------------------------------------------------
Moving files from /mnt/unraid/YouTube/Rejected to b2:kile-nas1-archive/ubld-rejects at Tue May 19 04:00:04 CDT 2020
Completed archive of /mnt/unraid/YouTube/Rejected at Tue May 19 04:00:07 CDT 2020 with error 0
find: ‘/mnt/unraid/YouTube/Rejected/*’: No such file or directory
-------------------------------done-----------------------------
-------------------------------start----------------------------
Wed May 20 04:00:02 CDT 2020 kile-deb2 Archive to BackBlaze B2
----------------------------------------------------------------
Moving files from /mnt/unraid/YouTube/Archive to b2:kile-nas1-archive/ubld-archive at Wed May 20 04:00:02 CDT 2020
Completed archive of /mnt/unraid/YouTube/Archive at Wed May 20 04:00:09 CDT 2020 with error 0
find: ‘/mnt/unraid/YouTube/Archive/*’: No such file or directory
----------------------------------------------------------------
Moving files from /mnt/unraid/YouTube/Rejected to b2:kile-nas1-archive/ubld-rejects at Wed May 20 04:00:09 CDT 2020
Completed archive of /mnt/unraid/YouTube/Rejected at Wed May 20 04:00:11 CDT 2020 with error 0
find: ‘/mnt/unraid/YouTube/Rejected/*’: No such file or directory
-------------------------------done-----------------------------
-------------------------------start----------------------------
Sun May 24 04:00:03 CDT 2020 kile-deb2 Archive to BackBlaze B2
----------------------------------------------------------------
Moving files from /mnt/unraid/YouTube/Archive to b2:kile-nas1-archive/ubld-archive at Sun May 24 04:00:03 CDT 2020
Completed archive of /mnt/unraid/YouTube/Archive at Sun May 24 04:00:06 CDT 2020 with error 0
find: ‘/mnt/unraid/YouTube/Archive/*’: No such file or directory
----------------------------------------------------------------
Moving files from /mnt/unraid/YouTube/Rejected to b2:kile-nas1-archive/ubld-rejects at Sun May 24 04:00:06 CDT 2020
Completed archive of /mnt/unraid/YouTube/Rejected at Sun May 24 04:00:08 CDT 2020 with error 0
find: ‘/mnt/unraid/YouTube/Rejected/*’: No such file or directory
-------------------------------done-----------------------------
-------------------------------start----------------------------
Sun May 31 04:00:12 CDT 2020 kile-deb2 Archive to BackBlaze B2
----------------------------------------------------------------
Moving files from /mnt/unraid/YouTube/Archive to b2:kile-nas1-archive/ubld-archive at Sun May 31 04:00:12 CDT 2020
Completed archive of /mnt/unraid/YouTube/Archive at Sun May 31 04:00:21 CDT 2020 with error 0
find: ‘/mnt/unraid/YouTube/Archive/*’: No such file or directory
----------------------------------------------------------------
Moving files from /mnt/unraid/YouTube/Rejected to b2:kile-nas1-archive/ubld-rejects at Sun May 31 04:00:21 CDT 2020
Completed archive of /mnt/unraid/YouTube/Rejected at Sun May 31 04:00:23 CDT 2020 with error 0
find: ‘/mnt/unraid/YouTube/Rejected/*’: No such file or directory
-------------------------------done-----------------------------
