-------------------------------start----------------------------
Mon Jun  1 00:00:02 CDT 2020 kile-deb2 rclone backup
----------------------------------------------------------------
Copying files from /mnt/unraid/Cronjobs to b2:kile-nas1/unraid/Cronjobs at Mon Jun  1 00:00:02 CDT 2020
2020/06/01 00:00:07 ERROR : backups/logs/rsync-clean-2020-06-01.log: Failed to copy: Post https://pod-000-1137-12.backblaze.com/b2api/v1/b2_upload_file/db4788eb8398abd751c80811/c001_v0001137_t0002: can't copy - source file is being updated (size changed from 1566 to 1786)
2020/06/01 00:00:10 ERROR : B2 bucket kile-nas1 path unraid/Cronjobs: not deleting files as there were IO errors
2020/06/01 00:00:10 ERROR : B2 bucket kile-nas1 path unraid/Cronjobs: not deleting directories as there were IO errors
2020/06/01 00:00:10 ERROR : Attempt 1/20 failed with 3 errors and: Post https://pod-000-1137-12.backblaze.com/b2api/v1/b2_upload_file/db4788eb8398abd751c80811/c001_v0001137_t0002: can't copy - source file is being updated (size changed from 1566 to 1786)
2020/06/01 00:00:12 ERROR : backups/logs/rsync-clean-2020-06-01.log: Failed to copy: Post https://pod-000-1137-12.backblaze.com/b2api/v1/b2_upload_file/db4788eb8398abd751c80811/c001_v0001137_t0002: can't copy - source file is being updated (size changed from 3271 to 3381)
2020/06/01 00:00:12 ERROR : B2 bucket kile-nas1 path unraid/Cronjobs: not deleting files as there were IO errors
2020/06/01 00:00:12 ERROR : B2 bucket kile-nas1 path unraid/Cronjobs: not deleting directories as there were IO errors
2020/06/01 00:00:12 ERROR : Attempt 2/20 failed with 3 errors and: Post https://pod-000-1137-12.backblaze.com/b2api/v1/b2_upload_file/db4788eb8398abd751c80811/c001_v0001137_t0002: can't copy - source file is being updated (size changed from 3271 to 3381)
2020/06/01 00:00:14 ERROR : backups/logs/rsync-clean-2020-06-01.log: Failed to copy: Post https://pod-000-1036-09.backblaze.com/b2api/v1/b2_upload_file/db4788eb8398abd751c80811/c001_v0001036_t0048: can't copy - source file is being updated (size changed from 3931 to 4041)
2020/06/01 00:00:32 ERROR : rclone/logs/nightly-2020-06-01.log: corrupted on transfer: SHA-1 hash differ "798d5c8e2c022065843428a212abdee2ba93c642" vs "f7fadff8caa63ccfe1639004aa3f0efa03c1096b"
2020/06/01 00:00:33 ERROR : B2 bucket kile-nas1 path unraid/Cronjobs: not deleting files as there were IO errors
2020/06/01 00:00:33 ERROR : B2 bucket kile-nas1 path unraid/Cronjobs: not deleting directories as there were IO errors
2020/06/01 00:00:33 ERROR : Attempt 3/20 failed with 5 errors and: corrupted on transfer: SHA-1 hash differ "798d5c8e2c022065843428a212abdee2ba93c642" vs "f7fadff8caa63ccfe1639004aa3f0efa03c1096b"
2020/06/01 00:00:45 ERROR : Attempt 4/20 succeeded
Completed copy of /mnt/unraid/Cronjobs at Mon Jun  1 00:00:48 CDT 2020 with error code 0
Total size of b2:kile-nas1/unraid/Cronjobs is:
15.862 MBytes
Total size of b2:kile-nas1/unraid/Cronjobs with VERSIONS is:
28.585 MBytes
----------------------------------------------------------------
Copying files from /mnt/unraid/Emulation to b2:kile-nas1/unraid/Emulation at Mon Jun  1 00:00:48 CDT 2020
Completed copy of /mnt/unraid/Emulation at Mon Jun  1 00:01:24 CDT 2020 with error code 0
Total size of b2:kile-nas1/unraid/Emulation is:
70.111 GBytes
Total size of b2:kile-nas1/unraid/Emulation with VERSIONS is:
70.111 GBytes
----------------------------------------------------------------
Copying files from /mnt/unraid/Installers to b2:kile-nas1/unraid/Installers at Mon Jun  1 00:01:24 CDT 2020
Completed copy of /mnt/unraid/Installers at Mon Jun  1 00:01:48 CDT 2020 with error code 0
Total size of b2:kile-nas1/unraid/Installers is:
218.412 GBytes
Total size of b2:kile-nas1/unraid/Installers with VERSIONS is:
218.412 GBytes
----------------------------------------------------------------
Copying files from /mnt/unraid/kilefam to b2:kile-nas1/unraid/kilefam at Mon Jun  1 00:01:48 CDT 2020
Completed copy of /mnt/unraid/kilefam at Mon Jun  1 00:17:24 CDT 2020 with error code 0
Total size of b2:kile-nas1/unraid/kilefam is:
117.628 GBytes
Total size of b2:kile-nas1/unraid/kilefam with VERSIONS is:
117.628 GBytes
----------------------------------------------------------------
Copying files from /mnt/unraid/Photos to b2:kile-nas1/unraid/Photos at Mon Jun  1 00:17:24 CDT 2020
Completed copy of /mnt/unraid/Photos at Mon Jun  1 00:17:44 CDT 2020 with error code 0
Total size of b2:kile-nas1/unraid/Photos is:
44.395 GBytes
Total size of b2:kile-nas1/unraid/Photos with VERSIONS is:
44.395 GBytes
----------------------------------------------------------------
Copying files from /mnt/unraid/Projects to b2:kile-nas1/unraid/Projects at Mon Jun  1 00:17:44 CDT 2020
Completed copy of /mnt/unraid/Projects at Mon Jun  1 00:18:24 CDT 2020 with error code 0
Total size of b2:kile-nas1/unraid/Projects is:
401.694 GBytes
Total size of b2:kile-nas1/unraid/Projects with VERSIONS is:
401.694 GBytes
----------------------------------------------------------------
Copying files from /mnt/unraid/ryan.kile to b2:kile-nas1/unraid/ryan.kile at Mon Jun  1 00:18:24 CDT 2020
Completed copy of /mnt/unraid/ryan.kile at Mon Jun  1 00:21:20 CDT 2020 with error code 0
Total size of b2:kile-nas1/unraid/ryan.kile is:
258.221 GBytes
Total size of b2:kile-nas1/unraid/ryan.kile with VERSIONS is:
258.221 GBytes
----------------------------------------------------------------
Copying files from /mnt/unraid/Transfer to b2:kile-nas1/unraid/Transfer at Mon Jun  1 00:21:20 CDT 2020
Completed copy of /mnt/unraid/Transfer at Mon Jun  1 00:21:29 CDT 2020 with error code 0
Total size of b2:kile-nas1/unraid/Transfer is:
139.766 GBytes
Total size of b2:kile-nas1/unraid/Transfer with VERSIONS is:
139.766 GBytes
----------------------------------------------------------------
Copying files from /mnt/unraid/Vault to b2:kile-nas1/unraid/Vault at Mon Jun  1 00:21:29 CDT 2020
Completed copy of /mnt/unraid/Vault at Mon Jun  1 00:21:38 CDT 2020 with error code 0
Total size of b2:kile-nas1/unraid/Vault is:
2.361 TBytes
Total size of b2:kile-nas1/unraid/Vault with VERSIONS is:
2.361 TBytes
----------------------------------------------------------------
Copying files from /mnt/unraid/YouTube to b2:kile-nas1/unraid/YouTube at Mon Jun  1 00:21:38 CDT 2020
Completed copy of /mnt/unraid/YouTube at Mon Jun  1 00:21:44 CDT 2020 with error code 0
Total size of b2:kile-nas1/unraid/YouTube is:
232.550 GBytes
Total size of b2:kile-nas1/unraid/YouTube with VERSIONS is:
232.550 GBytes
----------------------------------------------------------------
Copying files from /mnt/unraid/Media/Projects to b2:kile-nas1/unraid/Media/Projects at Mon Jun  1 00:21:44 CDT 2020
Completed copy of /mnt/unraid/Media/Projects at Mon Jun  1 00:21:48 CDT 2020 with error code 0
Total size of b2:kile-nas1/unraid/Media/Projects is:
111.338 GBytes
Total size of b2:kile-nas1/unraid/Media/Projects with VERSIONS is:
111.338 GBytes
----------------------------------------------------------------
Total storage on b2:kile-nas1 is:
3.917 TBytes
Total storage on b2:kile-nas1 with VERSIONS is:
3.917 TBytes
-------------------------------done-----------------------------
