-------------------------------start----------------------------
Sat May 30 00:00:02 CDT 2020 kile-deb2 rclone backup
----------------------------------------------------------------
Copying files from /mnt/unraid/Cronjobs to b2:kile-nas1/unraid/Cronjobs at Sat May 30 00:00:02 CDT 2020
2020/05/30 00:00:07 ERROR : backups/logs/rsync-clean-2020-05-30.log: Failed to copy: Post https://pod-000-1137-08.backblaze.com/b2api/v1/b2_upload_file/db4788eb8398abd751c80811/c001_v0001137_t0047: can't copy - source file is being updated (size changed from 1566 to 1841)
2020/05/30 00:00:09 ERROR : rclone/logs/nightly-2020-05-30.log: corrupted on transfer: SHA-1 hash differ "3e8fc65a9f09dabfdb200e2d58212796e9e58a68" vs "b12564afa57b05d8e54a53a486a9617407f24af3"
2020/05/30 00:00:19 ERROR : B2 bucket kile-nas1 path unraid/Cronjobs: not deleting files as there were IO errors
2020/05/30 00:00:19 ERROR : B2 bucket kile-nas1 path unraid/Cronjobs: not deleting directories as there were IO errors
2020/05/30 00:00:19 ERROR : Attempt 1/20 failed with 5 errors and: corrupted on transfer: SHA-1 hash differ "3e8fc65a9f09dabfdb200e2d58212796e9e58a68" vs "b12564afa57b05d8e54a53a486a9617407f24af3"
2020/05/30 00:00:33 ERROR : Attempt 2/20 succeeded
Completed copy of /mnt/unraid/Cronjobs at Sat May 30 00:00:37 CDT 2020 with error code 0
Total size of b2:kile-nas1/unraid/Cronjobs is:
15.429 MBytes
Total size of b2:kile-nas1/unraid/Cronjobs with VERSIONS is:
27.304 MBytes
----------------------------------------------------------------
Copying files from /mnt/unraid/Emulation to b2:kile-nas1/unraid/Emulation at Sat May 30 00:00:37 CDT 2020
Completed copy of /mnt/unraid/Emulation at Sat May 30 00:01:11 CDT 2020 with error code 0
Total size of b2:kile-nas1/unraid/Emulation is:
70.111 GBytes
Total size of b2:kile-nas1/unraid/Emulation with VERSIONS is:
70.111 GBytes
----------------------------------------------------------------
Copying files from /mnt/unraid/Installers to b2:kile-nas1/unraid/Installers at Sat May 30 00:01:11 CDT 2020
Completed copy of /mnt/unraid/Installers at Sat May 30 00:01:34 CDT 2020 with error code 0
Total size of b2:kile-nas1/unraid/Installers is:
218.412 GBytes
Total size of b2:kile-nas1/unraid/Installers with VERSIONS is:
218.412 GBytes
----------------------------------------------------------------
Copying files from /mnt/unraid/kilefam to b2:kile-nas1/unraid/kilefam at Sat May 30 00:01:34 CDT 2020
Completed copy of /mnt/unraid/kilefam at Sat May 30 00:09:04 CDT 2020 with error code 0
Total size of b2:kile-nas1/unraid/kilefam is:
116.155 GBytes
Total size of b2:kile-nas1/unraid/kilefam with VERSIONS is:
116.155 GBytes
----------------------------------------------------------------
Copying files from /mnt/unraid/Photos to b2:kile-nas1/unraid/Photos at Sat May 30 00:09:04 CDT 2020
Completed copy of /mnt/unraid/Photos at Sat May 30 00:09:16 CDT 2020 with error code 0
Total size of b2:kile-nas1/unraid/Photos is:
44.395 GBytes
Total size of b2:kile-nas1/unraid/Photos with VERSIONS is:
44.395 GBytes
----------------------------------------------------------------
Copying files from /mnt/unraid/Projects to b2:kile-nas1/unraid/Projects at Sat May 30 00:09:16 CDT 2020
Completed copy of /mnt/unraid/Projects at Sat May 30 00:09:55 CDT 2020 with error code 0
Total size of b2:kile-nas1/unraid/Projects is:
401.694 GBytes
Total size of b2:kile-nas1/unraid/Projects with VERSIONS is:
401.694 GBytes
----------------------------------------------------------------
Copying files from /mnt/unraid/ryan.kile to b2:kile-nas1/unraid/ryan.kile at Sat May 30 00:09:55 CDT 2020
Completed copy of /mnt/unraid/ryan.kile at Sat May 30 00:13:19 CDT 2020 with error code 0
Total size of b2:kile-nas1/unraid/ryan.kile is:
258.221 GBytes
Total size of b2:kile-nas1/unraid/ryan.kile with VERSIONS is:
258.221 GBytes
----------------------------------------------------------------
Copying files from /mnt/unraid/Transfer to b2:kile-nas1/unraid/Transfer at Sat May 30 00:13:19 CDT 2020
Completed copy of /mnt/unraid/Transfer at Sat May 30 00:13:28 CDT 2020 with error code 0
Total size of b2:kile-nas1/unraid/Transfer is:
139.766 GBytes
Total size of b2:kile-nas1/unraid/Transfer with VERSIONS is:
139.766 GBytes
----------------------------------------------------------------
Copying files from /mnt/unraid/Vault to b2:kile-nas1/unraid/Vault at Sat May 30 00:13:28 CDT 2020
Completed copy of /mnt/unraid/Vault at Sat May 30 00:13:37 CDT 2020 with error code 0
Total size of b2:kile-nas1/unraid/Vault is:
2.361 TBytes
Total size of b2:kile-nas1/unraid/Vault with VERSIONS is:
2.361 TBytes
----------------------------------------------------------------
Copying files from /mnt/unraid/YouTube to b2:kile-nas1/unraid/YouTube at Sat May 30 00:13:37 CDT 2020
Completed copy of /mnt/unraid/YouTube at Sat May 30 00:13:43 CDT 2020 with error code 0
Total size of b2:kile-nas1/unraid/YouTube is:
232.550 GBytes
Total size of b2:kile-nas1/unraid/YouTube with VERSIONS is:
232.550 GBytes
----------------------------------------------------------------
Copying files from /mnt/unraid/Media/Projects to b2:kile-nas1/unraid/Media/Projects at Sat May 30 00:13:43 CDT 2020
Completed copy of /mnt/unraid/Media/Projects at Sat May 30 00:13:47 CDT 2020 with error code 0
Total size of b2:kile-nas1/unraid/Media/Projects is:
111.338 GBytes
Total size of b2:kile-nas1/unraid/Media/Projects with VERSIONS is:
111.338 GBytes
----------------------------------------------------------------
Total storage on b2:kile-nas1 is:
3.916 TBytes
Total storage on b2:kile-nas1 with VERSIONS is:
3.916 TBytes
-------------------------------done-----------------------------
