-------------------------------start----------------------------
Mon May 18 00:00:02 CDT 2020 kile-deb2 rclone backup
----------------------------------------------------------------
Copying files from /mnt/unraid/Cronjobs to b2:kile-nas1/unraid/Cronjobs at Mon May 18 00:00:02 CDT 2020
2020/05/18 00:00:07 ERROR : backups/logs/rsync-clean-2020-05-18.log: Failed to copy: Post https://pod-000-1136-06.backblaze.com/b2api/v1/b2_upload_file/db4788eb8398abd751c80811/c001_v0001136_t0035: can't copy - source file is being updated (size changed from 1786 to 1951)
2020/05/18 00:00:07 ERROR : rclone/logs/nightly-2020-05-18.log: Failed to copy: Post https://pod-000-1001-00.backblaze.com/b2api/v1/b2_upload_file/db4788eb8398abd751c80811/c001_v0001001_t0031: can't copy - source file is being updated (size changed from 287 to 560)
2020/05/18 00:00:11 ERROR : B2 bucket kile-nas1 path unraid/Cronjobs: not deleting files as there were IO errors
2020/05/18 00:00:11 ERROR : B2 bucket kile-nas1 path unraid/Cronjobs: not deleting directories as there were IO errors
2020/05/18 00:00:11 ERROR : Attempt 1/20 failed with 5 errors and: Post https://pod-000-1001-00.backblaze.com/b2api/v1/b2_upload_file/db4788eb8398abd751c80811/c001_v0001001_t0031: can't copy - source file is being updated (size changed from 287 to 560)
2020/05/18 00:00:14 ERROR : backups/logs/rsync-clean-2020-05-18.log: Failed to copy: Post https://pod-000-1137-09.backblaze.com/b2api/v1/b2_upload_file/db4788eb8398abd751c80811/c001_v0001137_t0012: can't copy - source file is being updated (size changed from 3876 to 3931)
2020/05/18 00:00:14 ERROR : B2 bucket kile-nas1 path unraid/Cronjobs: not deleting files as there were IO errors
2020/05/18 00:00:14 ERROR : B2 bucket kile-nas1 path unraid/Cronjobs: not deleting directories as there were IO errors
2020/05/18 00:00:14 ERROR : Attempt 2/20 failed with 3 errors and: Post https://pod-000-1137-09.backblaze.com/b2api/v1/b2_upload_file/db4788eb8398abd751c80811/c001_v0001137_t0012: can't copy - source file is being updated (size changed from 3876 to 3931)
2020/05/18 00:00:16 ERROR : backups/logs/rsync-clean-2020-05-18.log: Failed to copy: Post https://pod-000-1120-09.backblaze.com/b2api/v1/b2_upload_file/db4788eb8398abd751c80811/c001_v0001120_t0008: can't copy - source file is being updated (size changed from 4481 to 4536)
2020/05/18 00:00:16 ERROR : rclone/logs/nightly-2020-05-18.log: corrupted on transfer: SHA-1 hash differ "594c2c7101941df39ceeb6b2f539049fafd5fb59" vs "8615f0611ac5e50be6d0454dcc00307057aaba7f"
2020/05/18 00:00:20 ERROR : B2 bucket kile-nas1 path unraid/Cronjobs: not deleting files as there were IO errors
2020/05/18 00:00:20 ERROR : B2 bucket kile-nas1 path unraid/Cronjobs: not deleting directories as there were IO errors
2020/05/18 00:00:20 ERROR : Attempt 3/20 failed with 5 errors and: corrupted on transfer: SHA-1 hash differ "594c2c7101941df39ceeb6b2f539049fafd5fb59" vs "8615f0611ac5e50be6d0454dcc00307057aaba7f"
2020/05/18 00:00:25 ERROR : Attempt 4/20 succeeded
Completed copy of /mnt/unraid/Cronjobs at Mon May 18 00:00:29 CDT 2020 with error code 0
Total size of b2:kile-nas1/unraid/Cronjobs is:
13.236 MBytes
Total size of b2:kile-nas1/unraid/Cronjobs with VERSIONS is:
20.068 MBytes
----------------------------------------------------------------
Copying files from /mnt/unraid/Emulation to b2:kile-nas1/unraid/Emulation at Mon May 18 00:00:29 CDT 2020
Completed copy of /mnt/unraid/Emulation at Mon May 18 00:01:24 CDT 2020 with error code 0
Total size of b2:kile-nas1/unraid/Emulation is:
70.111 GBytes
Total size of b2:kile-nas1/unraid/Emulation with VERSIONS is:
70.111 GBytes
----------------------------------------------------------------
Copying files from /mnt/unraid/Installers to b2:kile-nas1/unraid/Installers at Mon May 18 00:01:24 CDT 2020
Completed copy of /mnt/unraid/Installers at Mon May 18 00:01:58 CDT 2020 with error code 0
Total size of b2:kile-nas1/unraid/Installers is:
218.412 GBytes
Total size of b2:kile-nas1/unraid/Installers with VERSIONS is:
218.412 GBytes
----------------------------------------------------------------
Copying files from /mnt/unraid/kilefam to b2:kile-nas1/unraid/kilefam at Mon May 18 00:01:58 CDT 2020
Completed copy of /mnt/unraid/kilefam at Mon May 18 00:03:21 CDT 2020 with error code 0
Total size of b2:kile-nas1/unraid/kilefam is:
111.203 GBytes
Total size of b2:kile-nas1/unraid/kilefam with VERSIONS is:
111.203 GBytes
----------------------------------------------------------------
Copying files from /mnt/unraid/Photos to b2:kile-nas1/unraid/Photos at Mon May 18 00:03:21 CDT 2020
Completed copy of /mnt/unraid/Photos at Mon May 18 00:03:39 CDT 2020 with error code 0
Total size of b2:kile-nas1/unraid/Photos is:
44.395 GBytes
Total size of b2:kile-nas1/unraid/Photos with VERSIONS is:
44.395 GBytes
----------------------------------------------------------------
Copying files from /mnt/unraid/Projects to b2:kile-nas1/unraid/Projects at Mon May 18 00:03:39 CDT 2020
Completed copy of /mnt/unraid/Projects at Mon May 18 00:04:34 CDT 2020 with error code 0
Total size of b2:kile-nas1/unraid/Projects is:
401.694 GBytes
Total size of b2:kile-nas1/unraid/Projects with VERSIONS is:
401.694 GBytes
----------------------------------------------------------------
Copying files from /mnt/unraid/ryan.kile to b2:kile-nas1/unraid/ryan.kile at Mon May 18 00:04:34 CDT 2020
Completed copy of /mnt/unraid/ryan.kile at Mon May 18 00:08:49 CDT 2020 with error code 0
Total size of b2:kile-nas1/unraid/ryan.kile is:
258.221 GBytes
Total size of b2:kile-nas1/unraid/ryan.kile with VERSIONS is:
258.221 GBytes
----------------------------------------------------------------
Copying files from /mnt/unraid/Transfer to b2:kile-nas1/unraid/Transfer at Mon May 18 00:08:49 CDT 2020
Completed copy of /mnt/unraid/Transfer at Mon May 18 00:09:00 CDT 2020 with error code 0
Total size of b2:kile-nas1/unraid/Transfer is:
139.766 GBytes
Total size of b2:kile-nas1/unraid/Transfer with VERSIONS is:
139.766 GBytes
----------------------------------------------------------------
Copying files from /mnt/unraid/Vault to b2:kile-nas1/unraid/Vault at Mon May 18 00:09:00 CDT 2020
Completed copy of /mnt/unraid/Vault at Mon May 18 00:09:13 CDT 2020 with error code 0
Total size of b2:kile-nas1/unraid/Vault is:
2.361 TBytes
Total size of b2:kile-nas1/unraid/Vault with VERSIONS is:
2.361 TBytes
----------------------------------------------------------------
Copying files from /mnt/unraid/YouTube to b2:kile-nas1/unraid/YouTube at Mon May 18 00:09:13 CDT 2020
Completed copy of /mnt/unraid/YouTube at Mon May 18 00:09:22 CDT 2020 with error code 0
Total size of b2:kile-nas1/unraid/YouTube is:
232.550 GBytes
Total size of b2:kile-nas1/unraid/YouTube with VERSIONS is:
232.550 GBytes
----------------------------------------------------------------
Copying files from /mnt/unraid/Media/Projects to b2:kile-nas1/unraid/Media/Projects at Mon May 18 00:09:22 CDT 2020
Completed copy of /mnt/unraid/Media/Projects at Mon May 18 00:09:27 CDT 2020 with error code 0
Total size of b2:kile-nas1/unraid/Media/Projects is:
111.338 GBytes
Total size of b2:kile-nas1/unraid/Media/Projects with VERSIONS is:
111.338 GBytes
----------------------------------------------------------------
Total storage on b2:kile-nas1 is:
3.911 TBytes
Total storage on b2:kile-nas1 with VERSIONS is:
3.911 TBytes
-------------------------------done-----------------------------
