-------------------------------start----------------------------
Tue Jun  2 00:00:02 CDT 2020 kile-deb2 rclone backup
----------------------------------------------------------------
Copying files from /mnt/unraid/Cronjobs to b2:kile-nas1/unraid/Cronjobs at Tue Jun  2 00:00:02 CDT 2020
2020/06/02 00:00:09 ERROR : backups/logs/rsync-clean-2020-06-02.log: Failed to copy: Post https://pod-000-1137-16.backblaze.com/b2api/v1/b2_upload_file/db4788eb8398abd751c80811/c001_v0001137_t0025: can't copy - source file is being updated (size changed from 2336 to 2391)
2020/06/02 00:00:11 ERROR : B2 bucket kile-nas1 path unraid/Cronjobs: not deleting files as there were IO errors
2020/06/02 00:00:11 ERROR : B2 bucket kile-nas1 path unraid/Cronjobs: not deleting directories as there were IO errors
2020/06/02 00:00:11 ERROR : Attempt 1/20 failed with 3 errors and: Post https://pod-000-1137-16.backblaze.com/b2api/v1/b2_upload_file/db4788eb8398abd751c80811/c001_v0001137_t0025: can't copy - source file is being updated (size changed from 2336 to 2391)
2020/06/02 00:00:13 ERROR : backups/logs/rsync-clean-2020-06-02.log: Failed to copy: Post https://pod-000-1137-16.backblaze.com/b2api/v1/b2_upload_file/db4788eb8398abd751c80811/c001_v0001137_t0025: can't copy - source file is being updated (size changed from 3821 to 3876)
2020/06/02 00:00:13 ERROR : B2 bucket kile-nas1 path unraid/Cronjobs: not deleting files as there were IO errors
2020/06/02 00:00:13 ERROR : B2 bucket kile-nas1 path unraid/Cronjobs: not deleting directories as there were IO errors
2020/06/02 00:00:13 ERROR : Attempt 2/20 failed with 3 errors and: Post https://pod-000-1137-16.backblaze.com/b2api/v1/b2_upload_file/db4788eb8398abd751c80811/c001_v0001137_t0025: can't copy - source file is being updated (size changed from 3821 to 3876)
2020/06/02 00:00:16 ERROR : backups/logs/rsync-clean-2020-06-02.log: Failed to copy: Post https://pod-000-1134-19.backblaze.com/b2api/v1/b2_upload_file/db4788eb8398abd751c80811/c001_v0001134_t0001: can't copy - source file is being updated (size changed from 4481 to 4591)
2020/06/02 00:00:16 ERROR : B2 bucket kile-nas1 path unraid/Cronjobs: not deleting files as there were IO errors
2020/06/02 00:00:16 ERROR : B2 bucket kile-nas1 path unraid/Cronjobs: not deleting directories as there were IO errors
2020/06/02 00:00:16 ERROR : Attempt 3/20 failed with 3 errors and: Post https://pod-000-1134-19.backblaze.com/b2api/v1/b2_upload_file/db4788eb8398abd751c80811/c001_v0001134_t0001: can't copy - source file is being updated (size changed from 4481 to 4591)
2020/06/02 00:00:20 ERROR : Attempt 4/20 succeeded
Completed copy of /mnt/unraid/Cronjobs at Tue Jun  2 00:00:24 CDT 2020 with error code 0
Total size of b2:kile-nas1/unraid/Cronjobs is:
9.179 MBytes
Total size of b2:kile-nas1/unraid/Cronjobs with VERSIONS is:
22.603 MBytes
----------------------------------------------------------------
Copying files from /mnt/unraid/Emulation to b2:kile-nas1/unraid/Emulation at Tue Jun  2 00:00:24 CDT 2020
Completed copy of /mnt/unraid/Emulation at Tue Jun  2 00:01:00 CDT 2020 with error code 0
Total size of b2:kile-nas1/unraid/Emulation is:
70.111 GBytes
Total size of b2:kile-nas1/unraid/Emulation with VERSIONS is:
70.111 GBytes
----------------------------------------------------------------
Copying files from /mnt/unraid/Installers to b2:kile-nas1/unraid/Installers at Tue Jun  2 00:01:00 CDT 2020
Completed copy of /mnt/unraid/Installers at Tue Jun  2 00:01:23 CDT 2020 with error code 0
Total size of b2:kile-nas1/unraid/Installers is:
218.412 GBytes
Total size of b2:kile-nas1/unraid/Installers with VERSIONS is:
218.412 GBytes
----------------------------------------------------------------
Copying files from /mnt/unraid/kilefam to b2:kile-nas1/unraid/kilefam at Tue Jun  2 00:01:23 CDT 2020
Completed copy of /mnt/unraid/kilefam at Tue Jun  2 00:11:44 CDT 2020 with error code 0
Total size of b2:kile-nas1/unraid/kilefam is:
118.194 GBytes
Total size of b2:kile-nas1/unraid/kilefam with VERSIONS is:
118.194 GBytes
----------------------------------------------------------------
Copying files from /mnt/unraid/Photos to b2:kile-nas1/unraid/Photos at Tue Jun  2 00:11:44 CDT 2020
Completed copy of /mnt/unraid/Photos at Tue Jun  2 00:11:57 CDT 2020 with error code 0
Total size of b2:kile-nas1/unraid/Photos is:
44.395 GBytes
Total size of b2:kile-nas1/unraid/Photos with VERSIONS is:
44.395 GBytes
----------------------------------------------------------------
Copying files from /mnt/unraid/Projects to b2:kile-nas1/unraid/Projects at Tue Jun  2 00:11:57 CDT 2020
Completed copy of /mnt/unraid/Projects at Tue Jun  2 00:12:37 CDT 2020 with error code 0
Total size of b2:kile-nas1/unraid/Projects is:
401.694 GBytes
Total size of b2:kile-nas1/unraid/Projects with VERSIONS is:
401.694 GBytes
----------------------------------------------------------------
Copying files from /mnt/unraid/ryan.kile to b2:kile-nas1/unraid/ryan.kile at Tue Jun  2 00:12:37 CDT 2020
Completed copy of /mnt/unraid/ryan.kile at Tue Jun  2 00:15:45 CDT 2020 with error code 0
Total size of b2:kile-nas1/unraid/ryan.kile is:
258.221 GBytes
Total size of b2:kile-nas1/unraid/ryan.kile with VERSIONS is:
258.221 GBytes
----------------------------------------------------------------
Copying files from /mnt/unraid/Transfer to b2:kile-nas1/unraid/Transfer at Tue Jun  2 00:15:45 CDT 2020
Completed copy of /mnt/unraid/Transfer at Tue Jun  2 00:15:55 CDT 2020 with error code 0
Total size of b2:kile-nas1/unraid/Transfer is:
139.766 GBytes
Total size of b2:kile-nas1/unraid/Transfer with VERSIONS is:
139.766 GBytes
----------------------------------------------------------------
Copying files from /mnt/unraid/Vault to b2:kile-nas1/unraid/Vault at Tue Jun  2 00:15:55 CDT 2020
Completed copy of /mnt/unraid/Vault at Tue Jun  2 00:16:04 CDT 2020 with error code 0
Total size of b2:kile-nas1/unraid/Vault is:
2.361 TBytes
Total size of b2:kile-nas1/unraid/Vault with VERSIONS is:
2.361 TBytes
----------------------------------------------------------------
Copying files from /mnt/unraid/YouTube to b2:kile-nas1/unraid/YouTube at Tue Jun  2 00:16:04 CDT 2020
Completed copy of /mnt/unraid/YouTube at Tue Jun  2 00:16:09 CDT 2020 with error code 0
Total size of b2:kile-nas1/unraid/YouTube is:
232.550 GBytes
Total size of b2:kile-nas1/unraid/YouTube with VERSIONS is:
232.550 GBytes
----------------------------------------------------------------
Copying files from /mnt/unraid/Media/Projects to b2:kile-nas1/unraid/Media/Projects at Tue Jun  2 00:16:09 CDT 2020
Completed copy of /mnt/unraid/Media/Projects at Tue Jun  2 00:16:14 CDT 2020 with error code 0
Total size of b2:kile-nas1/unraid/Media/Projects is:
111.338 GBytes
Total size of b2:kile-nas1/unraid/Media/Projects with VERSIONS is:
111.338 GBytes
----------------------------------------------------------------
Total storage on b2:kile-nas1 is:
3.918 TBytes
Total storage on b2:kile-nas1 with VERSIONS is:
3.918 TBytes
-------------------------------done-----------------------------
