-------------------------------start----------------------------
Fri Jun  5 00:00:02 CDT 2020 kile-deb2 rclone backup
----------------------------------------------------------------
Copying files from /mnt/unraid/Cronjobs to b2:kile-nas1/unraid/Cronjobs at Fri Jun  5 00:00:02 CDT 2020
2020/06/05 00:00:06 ERROR : backups/logs/rsync-clean-2020-06-05.log: Failed to copy: Post https://pod-000-1113-14.backblaze.com/b2api/v1/b2_upload_file/db4788eb8398abd751c80811/c001_v0001113_t0011: can't copy - source file is being updated (size changed from 1346 to 1401)
2020/06/05 00:00:15 ERROR : rclone/logs/nightly-2020-06-05.log: corrupted on transfer: SHA-1 hash differ "bcdd74ab3781ee5e87c49422dba854926b86860d" vs "78e75d6e1c62cf9ca34bfd13fd7d366bce7604c8"
2020/06/05 00:00:16 ERROR : B2 bucket kile-nas1 path unraid/Cronjobs: not deleting files as there were IO errors
2020/06/05 00:00:16 ERROR : B2 bucket kile-nas1 path unraid/Cronjobs: not deleting directories as there were IO errors
2020/06/05 00:00:16 ERROR : Attempt 1/20 failed with 5 errors and: corrupted on transfer: SHA-1 hash differ "bcdd74ab3781ee5e87c49422dba854926b86860d" vs "78e75d6e1c62cf9ca34bfd13fd7d366bce7604c8"
2020/06/05 00:00:19 ERROR : Attempt 2/20 succeeded
Completed copy of /mnt/unraid/Cronjobs at Fri Jun  5 00:00:23 CDT 2020 with error code 0
Total size of b2:kile-nas1/unraid/Cronjobs is:
12.437 MBytes
Total size of b2:kile-nas1/unraid/Cronjobs with VERSIONS is:
13.619 MBytes
----------------------------------------------------------------
Copying files from /mnt/unraid/Emulation to b2:kile-nas1/unraid/Emulation at Fri Jun  5 00:00:23 CDT 2020
Completed copy of /mnt/unraid/Emulation at Fri Jun  5 00:00:59 CDT 2020 with error code 0
Total size of b2:kile-nas1/unraid/Emulation is:
70.111 GBytes
Total size of b2:kile-nas1/unraid/Emulation with VERSIONS is:
70.111 GBytes
----------------------------------------------------------------
Copying files from /mnt/unraid/Installers to b2:kile-nas1/unraid/Installers at Fri Jun  5 00:00:59 CDT 2020
Completed copy of /mnt/unraid/Installers at Fri Jun  5 00:01:22 CDT 2020 with error code 0
Total size of b2:kile-nas1/unraid/Installers is:
218.412 GBytes
Total size of b2:kile-nas1/unraid/Installers with VERSIONS is:
218.412 GBytes
----------------------------------------------------------------
Copying files from /mnt/unraid/kilefam to b2:kile-nas1/unraid/kilefam at Fri Jun  5 00:01:22 CDT 2020
Completed copy of /mnt/unraid/kilefam at Fri Jun  5 00:03:15 CDT 2020 with error code 0
Total size of b2:kile-nas1/unraid/kilefam is:
118.315 GBytes
Total size of b2:kile-nas1/unraid/kilefam with VERSIONS is:
118.315 GBytes
----------------------------------------------------------------
Copying files from /mnt/unraid/Photos to b2:kile-nas1/unraid/Photos at Fri Jun  5 00:03:15 CDT 2020
Completed copy of /mnt/unraid/Photos at Fri Jun  5 00:03:27 CDT 2020 with error code 0
Total size of b2:kile-nas1/unraid/Photos is:
44.395 GBytes
Total size of b2:kile-nas1/unraid/Photos with VERSIONS is:
44.395 GBytes
----------------------------------------------------------------
Copying files from /mnt/unraid/Projects to b2:kile-nas1/unraid/Projects at Fri Jun  5 00:03:27 CDT 2020
Completed copy of /mnt/unraid/Projects at Fri Jun  5 00:04:08 CDT 2020 with error code 0
Total size of b2:kile-nas1/unraid/Projects is:
401.694 GBytes
Total size of b2:kile-nas1/unraid/Projects with VERSIONS is:
401.694 GBytes
----------------------------------------------------------------
Copying files from /mnt/unraid/ryan.kile to b2:kile-nas1/unraid/ryan.kile at Fri Jun  5 00:04:08 CDT 2020
Completed copy of /mnt/unraid/ryan.kile at Fri Jun  5 00:07:56 CDT 2020 with error code 0
Total size of b2:kile-nas1/unraid/ryan.kile is:
258.221 GBytes
Total size of b2:kile-nas1/unraid/ryan.kile with VERSIONS is:
258.221 GBytes
----------------------------------------------------------------
Copying files from /mnt/unraid/Transfer to b2:kile-nas1/unraid/Transfer at Fri Jun  5 00:07:56 CDT 2020
Completed copy of /mnt/unraid/Transfer at Fri Jun  5 00:08:05 CDT 2020 with error code 0
Total size of b2:kile-nas1/unraid/Transfer is:
139.766 GBytes
Total size of b2:kile-nas1/unraid/Transfer with VERSIONS is:
139.766 GBytes
----------------------------------------------------------------
Copying files from /mnt/unraid/Vault to b2:kile-nas1/unraid/Vault at Fri Jun  5 00:08:05 CDT 2020
Completed copy of /mnt/unraid/Vault at Fri Jun  5 00:08:14 CDT 2020 with error code 0
Total size of b2:kile-nas1/unraid/Vault is:
2.361 TBytes
Total size of b2:kile-nas1/unraid/Vault with VERSIONS is:
2.361 TBytes
----------------------------------------------------------------
Copying files from /mnt/unraid/YouTube to b2:kile-nas1/unraid/YouTube at Fri Jun  5 00:08:14 CDT 2020
Completed copy of /mnt/unraid/YouTube at Fri Jun  5 00:08:19 CDT 2020 with error code 0
Total size of b2:kile-nas1/unraid/YouTube is:
232.550 GBytes
Total size of b2:kile-nas1/unraid/YouTube with VERSIONS is:
232.550 GBytes
----------------------------------------------------------------
Copying files from /mnt/unraid/Media/Projects to b2:kile-nas1/unraid/Media/Projects at Fri Jun  5 00:08:19 CDT 2020
Completed copy of /mnt/unraid/Media/Projects at Fri Jun  5 00:08:23 CDT 2020 with error code 0
Total size of b2:kile-nas1/unraid/Media/Projects is:
111.338 GBytes
Total size of b2:kile-nas1/unraid/Media/Projects with VERSIONS is:
111.338 GBytes
----------------------------------------------------------------
Total storage on b2:kile-nas1 is:
3.918 TBytes
Total storage on b2:kile-nas1 with VERSIONS is:
3.918 TBytes
-------------------------------done-----------------------------
