-------------------------------start----------------------------
Wed May 13 00:00:10 CDT 2020 kile-deb2 rclone backup
----------------------------------------------------------------
Copying files from /mnt/unraid/Cronjobs to b2:kile-nas1/unraid/Cronjobs at Wed May 13 00:00:11 CDT 2020
2020/05/13 00:00:17 ERROR : backups/logs/rsync-clean-2020-05-13.log: Failed to copy: Post https://pod-000-1137-12.backblaze.com/b2api/v1/b2_upload_file/db4788eb8398abd751c80811/c001_v0001137_t0023: can't copy - source file is being updated (size changed from 2006 to 2226)
2020/05/13 00:00:20 ERROR : rclone/logs/nightly-2020-05-13.log: corrupted on transfer: SHA-1 hash differ "719fd95e0becc9354153e642fad51c242794c946" vs "3b0905109fc148aaee296704e2fbf3d6782307b2"
2020/05/13 00:00:24 ERROR : B2 bucket kile-nas1 path unraid/Cronjobs: not deleting files as there were IO errors
2020/05/13 00:00:24 ERROR : B2 bucket kile-nas1 path unraid/Cronjobs: not deleting directories as there were IO errors
2020/05/13 00:00:24 ERROR : Attempt 1/20 failed with 5 errors and: corrupted on transfer: SHA-1 hash differ "719fd95e0becc9354153e642fad51c242794c946" vs "3b0905109fc148aaee296704e2fbf3d6782307b2"
2020/05/13 00:00:36 ERROR : Attempt 2/20 succeeded
Completed copy of /mnt/unraid/Cronjobs at Wed May 13 00:00:41 CDT 2020 with error code 0
Total size of b2:kile-nas1/unraid/Cronjobs is:
12.308 MBytes
Total size of b2:kile-nas1/unraid/Cronjobs with VERSIONS is:
14.638 MBytes
----------------------------------------------------------------
Copying files from /mnt/unraid/Emulation to b2:kile-nas1/unraid/Emulation at Wed May 13 00:00:41 CDT 2020
Completed copy of /mnt/unraid/Emulation at Wed May 13 00:01:55 CDT 2020 with error code 0
Total size of b2:kile-nas1/unraid/Emulation is:
70.111 GBytes
Total size of b2:kile-nas1/unraid/Emulation with VERSIONS is:
70.111 GBytes
----------------------------------------------------------------
Copying files from /mnt/unraid/Installers to b2:kile-nas1/unraid/Installers at Wed May 13 00:01:55 CDT 2020
Completed copy of /mnt/unraid/Installers at Wed May 13 00:02:36 CDT 2020 with error code 0
Total size of b2:kile-nas1/unraid/Installers is:
218.412 GBytes
Total size of b2:kile-nas1/unraid/Installers with VERSIONS is:
218.412 GBytes
----------------------------------------------------------------
Copying files from /mnt/unraid/kilefam to b2:kile-nas1/unraid/kilefam at Wed May 13 00:02:36 CDT 2020
Completed copy of /mnt/unraid/kilefam at Wed May 13 00:08:03 CDT 2020 with error code 0
Total size of b2:kile-nas1/unraid/kilefam is:
111.020 GBytes
Total size of b2:kile-nas1/unraid/kilefam with VERSIONS is:
111.020 GBytes
----------------------------------------------------------------
Copying files from /mnt/unraid/Photos to b2:kile-nas1/unraid/Photos at Wed May 13 00:08:03 CDT 2020
Completed copy of /mnt/unraid/Photos at Wed May 13 00:08:25 CDT 2020 with error code 0
Total size of b2:kile-nas1/unraid/Photos is:
44.395 GBytes
Total size of b2:kile-nas1/unraid/Photos with VERSIONS is:
44.395 GBytes
----------------------------------------------------------------
Copying files from /mnt/unraid/Projects to b2:kile-nas1/unraid/Projects at Wed May 13 00:08:25 CDT 2020
Completed copy of /mnt/unraid/Projects at Wed May 13 00:09:27 CDT 2020 with error code 0
Total size of b2:kile-nas1/unraid/Projects is:
401.694 GBytes
Total size of b2:kile-nas1/unraid/Projects with VERSIONS is:
401.694 GBytes
----------------------------------------------------------------
Copying files from /mnt/unraid/ryan.kile to b2:kile-nas1/unraid/ryan.kile at Wed May 13 00:09:27 CDT 2020
Completed copy of /mnt/unraid/ryan.kile at Wed May 13 00:13:57 CDT 2020 with error code 0
Total size of b2:kile-nas1/unraid/ryan.kile is:
258.221 GBytes
Total size of b2:kile-nas1/unraid/ryan.kile with VERSIONS is:
258.221 GBytes
----------------------------------------------------------------
Copying files from /mnt/unraid/Transfer to b2:kile-nas1/unraid/Transfer at Wed May 13 00:13:57 CDT 2020
Completed copy of /mnt/unraid/Transfer at Wed May 13 00:14:08 CDT 2020 with error code 0
Total size of b2:kile-nas1/unraid/Transfer is:
139.766 GBytes
Total size of b2:kile-nas1/unraid/Transfer with VERSIONS is:
139.766 GBytes
----------------------------------------------------------------
Copying files from /mnt/unraid/Vault to b2:kile-nas1/unraid/Vault at Wed May 13 00:14:08 CDT 2020
Completed copy of /mnt/unraid/Vault at Wed May 13 00:14:21 CDT 2020 with error code 0
Total size of b2:kile-nas1/unraid/Vault is:
2.313 TBytes
Total size of b2:kile-nas1/unraid/Vault with VERSIONS is:
2.313 TBytes
----------------------------------------------------------------
Copying files from /mnt/unraid/YouTube to b2:kile-nas1/unraid/YouTube at Wed May 13 00:14:21 CDT 2020
Completed copy of /mnt/unraid/YouTube at Wed May 13 00:14:31 CDT 2020 with error code 0
Total size of b2:kile-nas1/unraid/YouTube is:
232.550 GBytes
Total size of b2:kile-nas1/unraid/YouTube with VERSIONS is:
232.550 GBytes
----------------------------------------------------------------
Copying files from /mnt/unraid/Media/Projects to b2:kile-nas1/unraid/Media/Projects at Wed May 13 00:14:31 CDT 2020
Completed copy of /mnt/unraid/Media/Projects at Wed May 13 00:14:40 CDT 2020 with error code 0
Total size of b2:kile-nas1/unraid/Media/Projects is:
111.338 GBytes
Total size of b2:kile-nas1/unraid/Media/Projects with VERSIONS is:
111.338 GBytes
----------------------------------------------------------------
Total storage on b2:kile-nas1 is:
3.863 TBytes
Total storage on b2:kile-nas1 with VERSIONS is:
3.863 TBytes
-------------------------------done-----------------------------
