-------------------------------start----------------------------
Thu May 28 00:00:01 CDT 2020 kile-deb2 rclone backup
----------------------------------------------------------------
Copying files from /mnt/unraid/Cronjobs to b2:kile-nas1/unraid/Cronjobs at Thu May 28 00:00:01 CDT 2020
2020/05/28 00:00:08 ERROR : backups/logs/rsync-clean-2020-05-28.log: Failed to copy: Post https://pod-000-1134-12.backblaze.com/b2api/v1/b2_upload_file/db4788eb8398abd751c80811/c001_v0001134_t0017: can't copy - source file is being updated (size changed from 2006 to 2226)
2020/05/28 00:00:12 ERROR : rclone/logs/nightly-2020-05-28.log: corrupted on transfer: SHA-1 hash differ "c82d8be1a50a8c15b110fc8f00e6cb1005184b62" vs "469e50be8d705a39c4444b24d2d7846c658ee16b"
2020/05/28 00:00:17 ERROR : B2 bucket kile-nas1 path unraid/Cronjobs: not deleting files as there were IO errors
2020/05/28 00:00:17 ERROR : B2 bucket kile-nas1 path unraid/Cronjobs: not deleting directories as there were IO errors
2020/05/28 00:00:17 ERROR : Attempt 1/20 failed with 5 errors and: corrupted on transfer: SHA-1 hash differ "c82d8be1a50a8c15b110fc8f00e6cb1005184b62" vs "469e50be8d705a39c4444b24d2d7846c658ee16b"
2020/05/28 00:00:22 ERROR : Attempt 2/20 succeeded
Completed copy of /mnt/unraid/Cronjobs at Thu May 28 00:00:29 CDT 2020 with error code 0
Total size of b2:kile-nas1/unraid/Cronjobs is:
15.022 MBytes
Total size of b2:kile-nas1/unraid/Cronjobs with VERSIONS is:
26.056 MBytes
----------------------------------------------------------------
Copying files from /mnt/unraid/Emulation to b2:kile-nas1/unraid/Emulation at Thu May 28 00:00:29 CDT 2020
Completed copy of /mnt/unraid/Emulation at Thu May 28 00:01:41 CDT 2020 with error code 0
Total size of b2:kile-nas1/unraid/Emulation is:
70.111 GBytes
Total size of b2:kile-nas1/unraid/Emulation with VERSIONS is:
70.111 GBytes
----------------------------------------------------------------
Copying files from /mnt/unraid/Installers to b2:kile-nas1/unraid/Installers at Thu May 28 00:01:41 CDT 2020
Completed copy of /mnt/unraid/Installers at Thu May 28 00:02:24 CDT 2020 with error code 0
Total size of b2:kile-nas1/unraid/Installers is:
218.412 GBytes
Total size of b2:kile-nas1/unraid/Installers with VERSIONS is:
218.412 GBytes
----------------------------------------------------------------
Copying files from /mnt/unraid/kilefam to b2:kile-nas1/unraid/kilefam at Thu May 28 00:02:24 CDT 2020
Completed copy of /mnt/unraid/kilefam at Thu May 28 00:25:48 CDT 2020 with error code 0
Total size of b2:kile-nas1/unraid/kilefam is:
115.722 GBytes
Total size of b2:kile-nas1/unraid/kilefam with VERSIONS is:
115.722 GBytes
----------------------------------------------------------------
Copying files from /mnt/unraid/Photos to b2:kile-nas1/unraid/Photos at Thu May 28 00:25:48 CDT 2020
Completed copy of /mnt/unraid/Photos at Thu May 28 00:26:12 CDT 2020 with error code 0
Total size of b2:kile-nas1/unraid/Photos is:
44.395 GBytes
Total size of b2:kile-nas1/unraid/Photos with VERSIONS is:
44.395 GBytes
----------------------------------------------------------------
Copying files from /mnt/unraid/Projects to b2:kile-nas1/unraid/Projects at Thu May 28 00:26:12 CDT 2020
Completed copy of /mnt/unraid/Projects at Thu May 28 00:27:22 CDT 2020 with error code 0
Total size of b2:kile-nas1/unraid/Projects is:
401.694 GBytes
Total size of b2:kile-nas1/unraid/Projects with VERSIONS is:
401.694 GBytes
----------------------------------------------------------------
Copying files from /mnt/unraid/ryan.kile to b2:kile-nas1/unraid/ryan.kile at Thu May 28 00:27:22 CDT 2020
Completed copy of /mnt/unraid/ryan.kile at Thu May 28 00:32:21 CDT 2020 with error code 0
Total size of b2:kile-nas1/unraid/ryan.kile is:
258.221 GBytes
Total size of b2:kile-nas1/unraid/ryan.kile with VERSIONS is:
258.221 GBytes
----------------------------------------------------------------
Copying files from /mnt/unraid/Transfer to b2:kile-nas1/unraid/Transfer at Thu May 28 00:32:21 CDT 2020
Completed copy of /mnt/unraid/Transfer at Thu May 28 00:32:34 CDT 2020 with error code 0
Total size of b2:kile-nas1/unraid/Transfer is:
139.766 GBytes
Total size of b2:kile-nas1/unraid/Transfer with VERSIONS is:
139.766 GBytes
----------------------------------------------------------------
Copying files from /mnt/unraid/Vault to b2:kile-nas1/unraid/Vault at Thu May 28 00:32:34 CDT 2020
Completed copy of /mnt/unraid/Vault at Thu May 28 00:32:51 CDT 2020 with error code 0
Total size of b2:kile-nas1/unraid/Vault is:
2.361 TBytes
Total size of b2:kile-nas1/unraid/Vault with VERSIONS is:
2.361 TBytes
----------------------------------------------------------------
Copying files from /mnt/unraid/YouTube to b2:kile-nas1/unraid/YouTube at Thu May 28 00:32:51 CDT 2020
Completed copy of /mnt/unraid/YouTube at Thu May 28 00:33:02 CDT 2020 with error code 0
Total size of b2:kile-nas1/unraid/YouTube is:
232.550 GBytes
Total size of b2:kile-nas1/unraid/YouTube with VERSIONS is:
232.550 GBytes
----------------------------------------------------------------
Copying files from /mnt/unraid/Media/Projects to b2:kile-nas1/unraid/Media/Projects at Thu May 28 00:33:02 CDT 2020
Completed copy of /mnt/unraid/Media/Projects at Thu May 28 00:33:10 CDT 2020 with error code 0
Total size of b2:kile-nas1/unraid/Media/Projects is:
111.338 GBytes
Total size of b2:kile-nas1/unraid/Media/Projects with VERSIONS is:
111.338 GBytes
----------------------------------------------------------------
Total storage on b2:kile-nas1 is:
3.916 TBytes
Total storage on b2:kile-nas1 with VERSIONS is:
3.916 TBytes
-------------------------------done-----------------------------
